<?xml version="1.0" encoding="UTF-8"?>
<testsuite xmlns:xsi="http://www.w3.org/2001/XMLSchema-instance" xsi:noNamespaceSchemaLocation="https://maven.apache.org/surefire/maven-surefire-plugin/xsd/surefire-test-report-3.0.xsd" version="3.0" name="com.example.lab4.L2023130045_16_Test" time="0.007" tests="3" errors="0" skipped="0" failures="0">
  <properties>
[...]
</properties>
  <testcase name="testAllZero" classname="com.example.lab4.L2023130045_16_Test" time="0.001"/>
  <testcase name="testCase1" classname="com.example.lab4.L2023130045_16_Test" time="0.001"/>
  <testcase name="testCase2" classname="com.example.lab4.L2023130045_16_Test" time="0.0"/>
</testsuite>